  [1m[35m (1.9ms)[0m  [1m[34mSELECT sqlite_version(*)[0m
  [1m[35m (5.9ms)[0m  [1m[35mCREATE TABLE "schema_migrations" ("version" varchar NOT NULL PRIMARY KEY)[0m
  [1m[35m (7.8ms)[0m  [1m[35mCREATE TABLE "ar_internal_metadata" ("key" varchar NOT NULL PRIMARY KEY, "value" varchar, "created_at" datetime(6) NOT NULL, "updated_at" datetime(6) NOT NULL)[0m
  [1m[35m (0.2ms)[0m  [1m[34mSELECT "schema_migrations"."version" FROM "schema_migrations" ORDER BY "schema_migrations"."version" ASC[0m
Migrating to DeviseCreateAdmins (20220730033903)
  [1m[36mTRANSACTION (0.1ms)[0m  [1m[36mbegin transaction[0m
  [1m[35m (0.4ms)[0m  [1m[35mCREATE TABLE "admins" ("id" integer PRIMARY KEY AUTOINCREMENT NOT NULL, "email" varchar DEFAULT '' NOT NULL, "encrypted_password" varchar DEFAULT '' NOT NULL, "reset_password_token" varchar, "reset_password_sent_at" datetime, "remember_created_at" datetime, "created_at" datetime(6) NOT NULL, "updated_at" datetime(6) NOT NULL)[0m
  [1m[35m (0.2ms)[0m  [1m[35mCREATE UNIQUE INDEX "index_admins_on_email" ON "admins" ("email")[0m
  [1m[35m (0.1ms)[0m  [1m[35mCREATE UNIQUE INDEX "index_admins_on_reset_password_token" ON "admins" ("reset_password_token")[0m
  [1m[36mActiveRecord::SchemaMigration Create (2.0ms)[0m  [1m[32mINSERT INTO "schema_migrations" ("version") VALUES (?)[0m  [["version", "20220730033903"]]
  [1m[36mTRANSACTION (6.3ms)[0m  [1m[36mcommit transaction[0m
Migrating to DeviseCreateCustomers (20220730033958)
  [1m[36mTRANSACTION (0.0ms)[0m  [1m[36mbegin transaction[0m
  [1m[35m (1.9ms)[0m  [1m[35mCREATE TABLE "customers" ("id" integer PRIMARY KEY AUTOINCREMENT NOT NULL, "last_name" varchar NOT NULL, "first_name" varchar NOT NULL, "last_name_kana" varchar NOT NULL, "first_name_kana" varchar NOT NULL, "email" varchar DEFAULT '' NOT NULL, "encrypted_password" varchar DEFAULT '' NOT NULL, "postal_code" varchar NOT NULL, "address" varchar NOT NULL, "telephone_number" varchar NOT NULL, "is_active" boolean DEFAULT 1 NOT NULL, "reset_password_token" varchar, "reset_password_sent_at" datetime, "remember_created_at" datetime, "created_at" datetime(6) NOT NULL, "updated_at" datetime(6) NOT NULL)[0m
  [1m[35m (0.2ms)[0m  [1m[35mCREATE UNIQUE INDEX "index_customers_on_email" ON "customers" ("email")[0m
  [1m[35m (0.1ms)[0m  [1m[35mCREATE UNIQUE INDEX "index_customers_on_reset_password_token" ON "customers" ("reset_password_token")[0m
  [1m[36mActiveRecord::SchemaMigration Create (7.9ms)[0m  [1m[32mINSERT INTO "schema_migrations" ("version") VALUES (?)[0m  [["version", "20220730033958"]]
  [1m[36mTRANSACTION (6.5ms)[0m  [1m[36mcommit transaction[0m
Migrating to CreateAddresses (20220730035525)
  [1m[36mTRANSACTION (0.1ms)[0m  [1m[36mbegin transaction[0m
  [1m[35m (2.2ms)[0m  [1m[35mCREATE TABLE "addresses" ("id" integer PRIMARY KEY AUTOINCREMENT NOT NULL, "customer_id" integer, "name" varchar NOT NULL, "postal_code" varchar NOT NULL, "address" varchar NOT NULL, "created_at" datetime(6) NOT NULL, "updated_at" datetime(6) NOT NULL, CONSTRAINT "fk_rails_d5f9efddd3"
FOREIGN KEY ("customer_id")
  REFERENCES "customers" ("id")
)[0m
  [1m[35m (0.2ms)[0m  [1m[35mCREATE INDEX "index_addresses_on_customer_id" ON "addresses" ("customer_id")[0m
  [1m[36mActiveRecord::SchemaMigration Create (2.2ms)[0m  [1m[32mINSERT INTO "schema_migrations" ("version") VALUES (?)[0m  [["version", "20220730035525"]]
  [1m[36mTRANSACTION (7.1ms)[0m  [1m[36mcommit transaction[0m
Migrating to CreateItems (20220730035601)
  [1m[36mTRANSACTION (0.1ms)[0m  [1m[36mbegin transaction[0m
  [1m[35m (4.1ms)[0m  [1m[35mCREATE TABLE "items" ("id" integer PRIMARY KEY AUTOINCREMENT NOT NULL, "genre_id" integer, "name" varchar NOT NULL, "introduction" text NOT NULL, "price" integer NOT NULL, "is_active" boolean DEFAULT 1 NOT NULL, "created_at" datetime(6) NOT NULL, "updated_at" datetime(6) NOT NULL, CONSTRAINT "fk_rails_a32b27b003"
FOREIGN KEY ("genre_id")
  REFERENCES "genres" ("id")
)[0m
  [1m[35m (0.2ms)[0m  [1m[35mCREATE INDEX "index_items_on_genre_id" ON "items" ("genre_id")[0m
  [1m[36mActiveRecord::SchemaMigration Create (1.6ms)[0m  [1m[32mINSERT INTO "schema_migrations" ("version") VALUES (?)[0m  [["version", "20220730035601"]]
  [1m[36mTRANSACTION (21.9ms)[0m  [1m[36mcommit transaction[0m
Migrating to CreateGenres (20220730035700)
  [1m[36mTRANSACTION (0.1ms)[0m  [1m[36mbegin transaction[0m
  [1m[35m (1.5ms)[0m  [1m[35mCREATE TABLE "genres" ("id" integer PRIMARY KEY AUTOINCREMENT NOT NULL, "name" varchar NOT NULL, "created_at" datetime(6) NOT NULL, "updated_at" datetime(6) NOT NULL)[0m
  [1m[36mActiveRecord::SchemaMigration Create (2.1ms)[0m  [1m[32mINSERT INTO "schema_migrations" ("version") VALUES (?)[0m  [["version", "20220730035700"]]
  [1m[36mTRANSACTION (5.7ms)[0m  [1m[36mcommit transaction[0m
Migrating to CreateCartItems (20220730035735)
  [1m[36mTRANSACTION (0.0ms)[0m  [1m[36mbegin transaction[0m
  [1m[35m (1.5ms)[0m  [1m[35mCREATE TABLE "cart_items" ("id" integer PRIMARY KEY AUTOINCREMENT NOT NULL, "item_id" integer, "customer_id" integer, "amount" integer NOT NULL, "created_at" datetime(6) NOT NULL, "updated_at" datetime(6) NOT NULL, CONSTRAINT "fk_rails_01e04d947d"
FOREIGN KEY ("item_id")
  REFERENCES "items" ("id")
, CONSTRAINT "fk_rails_496fdf4632"
FOREIGN KEY ("customer_id")
  REFERENCES "customers" ("id")
)[0m
  [1m[35m (0.1ms)[0m  [1m[35mCREATE INDEX "index_cart_items_on_item_id" ON "cart_items" ("item_id")[0m
  [1m[35m (0.1ms)[0m  [1m[35mCREATE INDEX "index_cart_items_on_customer_id" ON "cart_items" ("customer_id")[0m
  [1m[36mActiveRecord::SchemaMigration Create (1.6ms)[0m  [1m[32mINSERT INTO "schema_migrations" ("version") VALUES (?)[0m  [["version", "20220730035735"]]
  [1m[36mTRANSACTION (6.0ms)[0m  [1m[36mcommit transaction[0m
Migrating to CreateOrders (20220730035823)
  [1m[36mTRANSACTION (0.1ms)[0m  [1m[36mbegin transaction[0m
  [1m[35m (2.3ms)[0m  [1m[35mCREATE TABLE "orders" ("id" integer PRIMARY KEY AUTOINCREMENT NOT NULL, "customer_id" integer, "postal_code" varchar NOT NULL, "address" varchar NOT NULL, "name" varchar NOT NULL, "postage" integer NOT NULL, "billing_amount" integer NOT NULL, "payment_method" integer NOT NULL, "status" integer DEFAULT 0 NOT NULL, "created_at" datetime(6) NOT NULL, "updated_at" datetime(6) NOT NULL, CONSTRAINT "fk_rails_3dad120da9"
FOREIGN KEY ("customer_id")
  REFERENCES "customers" ("id")
)[0m
  [1m[35m (0.1ms)[0m  [1m[35mCREATE INDEX "index_orders_on_customer_id" ON "orders" ("customer_id")[0m
  [1m[36mActiveRecord::SchemaMigration Create (1.7ms)[0m  [1m[32mINSERT INTO "schema_migrations" ("version") VALUES (?)[0m  [["version", "20220730035823"]]
  [1m[36mTRANSACTION (6.0ms)[0m  [1m[36mcommit transaction[0m
Migrating to CreateOrderDetails (20220730035856)
  [1m[36mTRANSACTION (0.0ms)[0m  [1m[36mbegin transaction[0m
  [1m[35m (3.7ms)[0m  [1m[35mCREATE TABLE "order_details" ("id" integer PRIMARY KEY AUTOINCREMENT NOT NULL, "item_id" integer, "order_id" integer, "price" integer NOT NULL, "amount" integer NOT NULL, "making_status" integer DEFAULT 0 NOT NULL, "created_at" datetime(6) NOT NULL, "updated_at" datetime(6) NOT NULL, CONSTRAINT "fk_rails_1affc02675"
FOREIGN KEY ("item_id")
  REFERENCES "items" ("id")
, CONSTRAINT "fk_rails_e5976611fd"
FOREIGN KEY ("order_id")
  REFERENCES "orders" ("id")
)[0m
  [1m[35m (0.1ms)[0m  [1m[35mCREATE INDEX "index_order_details_on_item_id" ON "order_details" ("item_id")[0m
  [1m[35m (0.1ms)[0m  [1m[35mCREATE INDEX "index_order_details_on_order_id" ON "order_details" ("order_id")[0m
  [1m[36mActiveRecord::SchemaMigration Create (1.8ms)[0m  [1m[32mINSERT INTO "schema_migrations" ("version") VALUES (?)[0m  [["version", "20220730035856"]]
  [1m[36mTRANSACTION (6.0ms)[0m  [1m[36mcommit transaction[0m
Migrating to CreateActiveStorageTables (20220903144029)
  [1m[36mTRANSACTION (0.1ms)[0m  [1m[36mbegin transaction[0m
  [1m[35m (2.3ms)[0m  [1m[35mCREATE TABLE "active_storage_blobs" ("id" integer PRIMARY KEY AUTOINCREMENT NOT NULL, "key" varchar NOT NULL, "filename" varchar NOT NULL, "content_type" varchar, "metadata" text, "service_name" varchar NOT NULL, "byte_size" bigint NOT NULL, "checksum" varchar NOT NULL, "created_at" datetime NOT NULL)[0m
  [1m[35m (0.1ms)[0m  [1m[35mCREATE UNIQUE INDEX "index_active_storage_blobs_on_key" ON "active_storage_blobs" ("key")[0m
  [1m[35m (0.2ms)[0m  [1m[35mCREATE TABLE "active_storage_attachments" ("id" integer PRIMARY KEY AUTOINCREMENT NOT NULL, "name" varchar NOT NULL, "record_type" varchar NOT NULL, "record_id" integer NOT NULL, "blob_id" integer NOT NULL, "created_at" datetime NOT NULL, CONSTRAINT "fk_rails_c3b3935057"
FOREIGN KEY ("blob_id")
  REFERENCES "active_storage_blobs" ("id")
)[0m
  [1m[35m (0.1ms)[0m  [1m[35mCREATE INDEX "index_active_storage_attachments_on_blob_id" ON "active_storage_attachments" ("blob_id")[0m
  [1m[35m (0.9ms)[0m  [1m[35mCREATE UNIQUE INDEX "index_active_storage_attachments_uniqueness" ON "active_storage_attachments" ("record_type", "record_id", "name", "blob_id")[0m
  [1m[35m (0.5ms)[0m  [1m[35mCREATE TABLE "active_storage_variant_records" ("id" integer PRIMARY KEY AUTOINCREMENT NOT NULL, "blob_id" integer NOT NULL, "variation_digest" varchar NOT NULL, CONSTRAINT "fk_rails_993965df05"
FOREIGN KEY ("blob_id")
  REFERENCES "active_storage_blobs" ("id")
)[0m
  [1m[35m (0.1ms)[0m  [1m[35mCREATE UNIQUE INDEX "index_active_storage_variant_records_uniqueness" ON "active_storage_variant_records" ("blob_id", "variation_digest")[0m
  [1m[36mActiveRecord::SchemaMigration Create (1.6ms)[0m  [1m[32mINSERT INTO "schema_migrations" ("version") VALUES (?)[0m  [["version", "20220903144029"]]
  [1m[36mTRANSACTION (6.3ms)[0m  [1m[36mcommit transaction[0m
  [1m[36mActiveRecord::InternalMetadata Load (0.1ms)[0m  [1m[34mSELECT "ar_internal_metadata".* FROM "ar_internal_metadata" WHERE "ar_internal_metadata"."key" = ? LIMIT ?[0m  [["key", "environment"], ["LIMIT", 1]]
  [1m[36mTRANSACTION (0.0ms)[0m  [1m[36mbegin transaction[0m
  [1m[36mActiveRecord::InternalMetadata Create (2.4ms)[0m  [1m[32mINSERT INTO "ar_internal_metadata" ("key", "value", "created_at", "updated_at") VALUES (?, ?, ?, ?)[0m  [["key", "environment"], ["value", "development"], ["created_at", "2022-09-29 09:34:43.608340"], ["updated_at", "2022-09-29 09:34:43.608340"]]
  [1m[36mTRANSACTION (4.4ms)[0m  [1m[36mcommit transaction[0m
  [1m[35m (0.1ms)[0m  [1m[34mSELECT sqlite_version(*)[0m
  [1m[35m (0.1ms)[0m  [1m[34mSELECT "schema_migrations"."version" FROM "schema_migrations" ORDER BY "schema_migrations"."version" ASC[0m
[ActionDispatch::HostAuthorization::DefaultResponseApp] Blocked host: 7ece4e84c02a4019a6df3526d9d7f298.vfs.cloud9.us-east-1.amazonaws.com
[ActionDispatch::HostAuthorization::DefaultResponseApp] Blocked host: 7ece4e84c02a4019a6df3526d9d7f298.vfs.cloud9.us-east-1.amazonaws.com
[ActionDispatch::HostAuthorization::DefaultResponseApp] Blocked host: 7ece4e84c02a4019a6df3526d9d7f298.vfs.cloud9.us-east-1.amazonaws.com
Started GET "/" for 60.38.7.236 at 2022-09-29 09:35:32 +0000
Cannot render console from 60.38.7.236! Allowed networks: 127.0.0.0/127.255.255.255, ::1
  [1m[35m (4.8ms)[0m  [1m[34mSELECT sqlite_version(*)[0m
  [1m[35m (0.1ms)[0m  [1m[34mSELECT "schema_migrations"."version" FROM "schema_migrations" ORDER BY "schema_migrations"."version" ASC[0m
Processing by Public::HomesController#top as HTML
  Rendering layout layouts/application.html.erb
  Rendering public/homes/top.html.erb within layouts/application
  [1m[36mItem Load (0.1ms)[0m  [1m[34mSELECT "items".* FROM "items" WHERE "items"."is_active" = ? LIMIT ? OFFSET ?[0m  [["is_active", 1], ["LIMIT", 4], ["OFFSET", 0]]
  ↳ app/views/public/homes/top.html.erb:17
  Rendered public/homes/top.html.erb within layouts/application (Duration: 5.9ms | Allocations: 2536)
[Webpacker] Compiling...
Started GET "/" for 60.38.7.236 at 2022-09-29 09:35:33 +0000
Cannot render console from 60.38.7.236! Allowed networks: 127.0.0.0/127.255.255.255, ::1
Processing by Public::HomesController#top as HTML
  Rendering layout layouts/application.html.erb
  Rendering public/homes/top.html.erb within layouts/application
  [1m[35m (0.1ms)[0m  [1m[34mSELECT sqlite_version(*)[0m
  ↳ app/views/public/homes/top.html.erb:17
  [1m[36mItem Load (0.1ms)[0m  [1m[34mSELECT "items".* FROM "items" WHERE "items"."is_active" = ? LIMIT ? OFFSET ?[0m  [["is_active", 1], ["LIMIT", 4], ["OFFSET", 0]]
  ↳ app/views/public/homes/top.html.erb:17
  Rendered public/homes/top.html.erb within layouts/application (Duration: 6.0ms | Allocations: 1773)
[Webpacker] Compiling...
[Webpacker] Compiled all packs in /home/ec2-user/environment/nagano_cake/public/packs
[Webpacker] warning ../../package.json: No license field
DEPRECATION WARNING: Using / for division outside of calc() is deprecated and will be removed in Dart Sass 2.0.0.

Recommendation: math.div($spacer, 2) or calc($spacer / 2)

More info and automated migrator: https://sass-lang.com/d/slash-div

    ╷
302 │ $headings-margin-bottom:      $spacer / 2 !default;
    │                               ^^^^^^^^^^^
    ╵
    node_modules/bootstrap/scss/_variables.scss 302:31  @import
    node_modules/bootstrap/scss/bootstrap.scss 9:9      @import
    app/javascript/stylesheets/application.scss 1:9     root stylesheet

DEPRECATION WARNING: Using / for division outside of calc() is deprecated and will be removed in Dart Sass 2.0.0.

Recommendation: math.div($input-padding-y, 2) or calc($input-padding-y / 2)

More info and automated migrator: https://sass-lang.com/d/slash-div

    ╷
498 │ $input-height-inner-quarter:            add($input-line-height * .25em, $input-padding-y / 2) !default;
    │                                                                         ^^^^^^^^^^^^^^^^^^^^
    ╵
    node_modules/bootstrap/scss/_variables.scss 498:73  @import
    node_modules/bootstrap/scss/bootstrap.scss 9:9      @import
    app/javascript/stylesheets/application.scss 1:9     root stylesheet

DEPRECATION WARNING: Using / for division outside of calc() is deprecated and will be removed in Dart Sass 2.0.0.

Recommendation: math.div($custom-control-indicator-size, 2) or calc($custom-control-indicator-size / 2)

More info and automated migrator: https://sass-lang.com/d/slash-div

    ╷
568 │ $custom-switch-indicator-border-radius:         $custom-control-indicator-size / 2 !default;
    │                                                 ^^^^^^^^^^^^^^^^^^^^^^^^^^^^^^^^^^
    ╵
    node_modules/bootstrap/scss/_variables.scss 568:49  @import
    node_modules/bootstrap/scss/bootstrap.scss 9:9      @import
    app/javascript/stylesheets/application.scss 1:9     root stylesheet

DEPRECATION WARNING: Using / for division outside of calc() is deprecated and will be removed in Dart Sass 2.0.0.

Recommendation: math.div($spacer, 2) or calc($spacer / 2)

More info and automated migrator: https://sass-lang.com/d/slash-div

    ╷
713 │ $nav-divider-margin-y:              $spacer / 2 !default;
    │                                     ^^^^^^^^^^^
    ╵
    node_modules/bootstrap/scss/_variables.scss 713:37  @import
    node_modules/bootstrap/scss/bootstrap.scss 9:9      @import
    app/javascript/stylesheets/application.scss 1:9     root stylesheet

DEPRECATION WARNING: Using / for division outside of calc() is deprecated and will be removed in Dart Sass 2.0.0.

Recommendation: math.div($spacer, 2) or calc($spacer / 2)

More info and automated migrator: https://sass-lang.com/d/slash-div

    ╷
718 │ $navbar-padding-y:                  $spacer / 2 !default;
    │                                     ^^^^^^^^^^^
    ╵
    node_modules/bootstrap/scss/_variables.scss 718:37  @import
    node_modules/bootstrap/scss/bootstrap.scss 9:9      @import
    app/javascript/stylesheets/application.scss 1:9     root stylesheet

WARNING: 63 repetitive deprecation warnings omitted.


[Webpacker] Hash: 5768ce31f459ea91f577
Version: webpack 4.46.0
Time: 32007ms
Built at: 09/29/2022 9:36:08 AM
                                     Asset       Size       Chunks                         Chunk Names
    js/application-76e981215e3445485d5f.js   1.72 MiB  application  [emitted] [immutable]  application
js/application-76e981215e3445485d5f.js.map   1.83 MiB  application  [emitted] [dev]        application
                             manifest.json  364 bytes               [emitted]              
Entrypoint application = js/application-76e981215e3445485d5f.js js/application-76e981215e3445485d5f.js.map
[./app/javascript/channels sync recursive _channel\.js$] ./app/javascript/channels sync _channel\.js$ 160 bytes {application} [built]
[./app/javascript/channels/index.js] 211 bytes {application} [built]
[./app/javascript/packs/application.js] 586 bytes {application} [built]
[./app/javascript/stylesheets/application.scss] 664 bytes {application} [built]
[./node_modules/css-loader/dist/cjs.js?!./node_modules/postcss-loader/src/index.js?!./node_modules/sass-loader/dist/cjs.js?!./app/javascript/stylesheets/application.scss] ./node_modules/css-loader/dist/cjs.js??ref--6-1!./node_modules/postcss-loader/src??ref--6-2!./node_modules/sass-loader/dist/cjs.js??ref--6-3!./app/javascript/stylesheets/application.scss 667 KiB {application} [built]
[./node_modules/webpack/buildin/global.js] (webpack)/buildin/global.js 863 bytes {application} [built]
[./node_modules/webpack/buildin/module.js] (webpack)/buildin/module.js 552 bytes {application} [built]
    + 118 hidden modules

[Webpacker] Compiled all packs in /home/ec2-user/environment/nagano_cake/public/packs
[Webpacker] warning ../../package.json: No license field
DEPRECATION WARNING: Using / for division outside of calc() is deprecated and will be removed in Dart Sass 2.0.0.

Recommendation: math.div($spacer, 2) or calc($spacer / 2)

More info and automated migrator: https://sass-lang.com/d/slash-div

    ╷
302 │ $headings-margin-bottom:      $spacer / 2 !default;
    │                               ^^^^^^^^^^^
    ╵
    node_modules/bootstrap/scss/_variables.scss 302:31  @import
    node_modules/bootstrap/scss/bootstrap.scss 9:9      @import
    app/javascript/stylesheets/application.scss 1:9     root stylesheet

DEPRECATION WARNING: Using / for division outside of calc() is deprecated and will be removed in Dart Sass 2.0.0.

Recommendation: math.div($input-padding-y, 2) or calc($input-padding-y / 2)

More info and automated migrator: https://sass-lang.com/d/slash-div

    ╷
498 │ $input-height-inner-quarter:            add($input-line-height * .25em, $input-padding-y / 2) !default;
    │                                                                         ^^^^^^^^^^^^^^^^^^^^
    ╵
    node_modules/bootstrap/scss/_variables.scss 498:73  @import
    node_modules/bootstrap/scss/bootstrap.scss 9:9      @import
    app/javascript/stylesheets/application.scss 1:9     root stylesheet

DEPRECATION WARNING: Using / for division outside of calc() is deprecated and will be removed in Dart Sass 2.0.0.

Recommendation: math.div($custom-control-indicator-size, 2) or calc($custom-control-indicator-size / 2)

More info and automated migrator: https://sass-lang.com/d/slash-div

    ╷
568 │ $custom-switch-indicator-border-radius:         $custom-control-indicator-size / 2 !default;
    │                                                 ^^^^^^^^^^^^^^^^^^^^^^^^^^^^^^^^^^
    ╵
    node_modules/bootstrap/scss/_variables.scss 568:49  @import
    node_modules/bootstrap/scss/bootstrap.scss 9:9      @import
    app/javascript/stylesheets/application.scss 1:9     root stylesheet

DEPRECATION WARNING: Using / for division outside of calc() is deprecated and will be removed in Dart Sass 2.0.0.

Recommendation: math.div($spacer, 2) or calc($spacer / 2)

More info and automated migrator: https://sass-lang.com/d/slash-div

    ╷
713 │ $nav-divider-margin-y:              $spacer / 2 !default;
    │                                     ^^^^^^^^^^^
    ╵
    node_modules/bootstrap/scss/_variables.scss 713:37  @import
    node_modules/bootstrap/scss/bootstrap.scss 9:9      @import
    app/javascript/stylesheets/application.scss 1:9     root stylesheet

DEPRECATION WARNING: Using / for division outside of calc() is deprecated and will be removed in Dart Sass 2.0.0.

Recommendation: math.div($spacer, 2) or calc($spacer / 2)

More info and automated migrator: https://sass-lang.com/d/slash-div

    ╷
718 │ $navbar-padding-y:                  $spacer / 2 !default;
    │                                     ^^^^^^^^^^^
    ╵
    node_modules/bootstrap/scss/_variables.scss 718:37  @import
    node_modules/bootstrap/scss/bootstrap.scss 9:9      @import
    app/javascript/stylesheets/application.scss 1:9     root stylesheet

WARNING: 63 repetitive deprecation warnings omitted.


[Webpacker] Hash: 5768ce31f459ea91f577
Version: webpack 4.46.0
Time: 31873ms
Built at: 09/29/2022 9:36:08 AM
                                     Asset       Size       Chunks                         Chunk Names
    js/application-76e981215e3445485d5f.js   1.72 MiB  application  [emitted] [immutable]  application
js/application-76e981215e3445485d5f.js.map   1.83 MiB  application  [emitted] [dev]        application
                             manifest.json  364 bytes               [emitted]              
Entrypoint application = js/application-76e981215e3445485d5f.js js/application-76e981215e3445485d5f.js.map
[./app/javascript/channels sync recursive _channel\.js$] ./app/javascript/channels sync _channel\.js$ 160 bytes {application} [built]
[./app/javascript/channels/index.js] 211 bytes {application} [built]
[./app/javascript/packs/application.js] 586 bytes {application} [built]
[./app/javascript/stylesheets/application.scss] 664 bytes {application} [built]
[./node_modules/css-loader/dist/cjs.js?!./node_modules/postcss-loader/src/index.js?!./node_modules/sass-loader/dist/cjs.js?!./app/javascript/stylesheets/application.scss] ./node_modules/css-loader/dist/cjs.js??ref--6-1!./node_modules/postcss-loader/src??ref--6-2!./node_modules/sass-loader/dist/cjs.js??ref--6-3!./app/javascript/stylesheets/application.scss 667 KiB {application} [built]
[./node_modules/webpack/buildin/global.js] (webpack)/buildin/global.js 863 bytes {application} [built]
[./node_modules/webpack/buildin/module.js] (webpack)/buildin/module.js 552 bytes {application} [built]
    + 118 hidden modules

  Rendered layout layouts/application.html.erb (Duration: 35736.9ms | Allocations: 6363)
  Rendered layout layouts/application.html.erb (Duration: 36356.8ms | Allocations: 15364)
Completed 200 OK in 35740ms (Views: 35738.6ms | ActiveRecord: 0.6ms | Allocations: 7595)


Completed 200 OK in 36382ms (Views: 36360.8ms | ActiveRecord: 0.5ms | Allocations: 23282)


Started GET "/" for 60.38.7.236 at 2022-09-29 09:36:17 +0000
Cannot render console from 60.38.7.236! Allowed networks: 127.0.0.0/127.255.255.255, ::1
Processing by Public::HomesController#top as HTML
  Rendering layout layouts/application.html.erb
  Rendering public/homes/top.html.erb within layouts/application
  [1m[36mItem Load (6.0ms)[0m  [1m[34mSELECT "items".* FROM "items" WHERE "items"."is_active" = ? LIMIT ? OFFSET ?[0m  [["is_active", 1], ["LIMIT", 4], ["OFFSET", 0]]
  ↳ app/views/public/homes/top.html.erb:17
  Rendered public/homes/top.html.erb within layouts/application (Duration: 10.1ms | Allocations: 928)
[Webpacker] Everything's up-to-date. Nothing to do
  Rendered layout layouts/application.html.erb (Duration: 17.2ms | Allocations: 2878)
Completed 200 OK in 19ms (Views: 12.3ms | ActiveRecord: 6.0ms | Allocations: 3370)


Started GET "/" for 60.38.7.236 at 2022-09-29 09:36:18 +0000
Cannot render console from 60.38.7.236! Allowed networks: 127.0.0.0/127.255.255.255, ::1
Processing by Public::HomesController#top as HTML
  Rendering layout layouts/application.html.erb
  Rendering public/homes/top.html.erb within layouts/application
  [1m[36mItem Load (0.1ms)[0m  [1m[34mSELECT "items".* FROM "items" WHERE "items"."is_active" = ? LIMIT ? OFFSET ?[0m  [["is_active", 1], ["LIMIT", 4], ["OFFSET", 0]]
  ↳ app/views/public/homes/top.html.erb:17
  Rendered public/homes/top.html.erb within layouts/application (Duration: 2.9ms | Allocations: 920)
[Webpacker] Everything's up-to-date. Nothing to do
  Rendered layout layouts/application.html.erb (Duration: 7.2ms | Allocations: 2869)
Completed 200 OK in 9ms (Views: 8.2ms | ActiveRecord: 0.1ms | Allocations: 3351)


